<?xml version="1.0" encoding="UTF-8"?>
<!-- Generated by org.testng.reporters.JUnitReportReporter -->
<testsuite hostname="Sandesh" failures="0" tests="1" name="demoProject.GetTitleTest" time="0.011" errors="0" timestamp="2023-01-29T09:13:44 IST" skipped="0">
  <testcase classname="demoProject.GetTitleTest" name="f" time="0.011"/>
  <system-out/>
</testsuite> <!-- demoProject.GetTitleTest -->
