<?xml version="1.0" encoding="UTF-8"?>
<!-- Generated by org.testng.reporters.JUnitReportReporter -->
<testsuite hostname="Sandesh" failures="0" tests="1" name="demoProject.ExtentDemo" time="3.652" errors="0" timestamp="2023-01-29T12:29:53 IST" skipped="0">
  <testcase classname="demoProject.ExtentDemo" name="extentReportsDemo" time="3.652"/>
  <system-out/>
</testsuite> <!-- demoProject.ExtentDemo -->
