<?xml version="1.0" encoding="UTF-8"?>
<!-- Generated by org.testng.reporters.JUnitReportReporter -->
<testsuite hostname="Sandesh" failures="0" tests="4" name="demoProject.GetTitle" time="11.364" errors="0" timestamp="2023-01-30T11:53:12 IST" skipped="0">
  <testcase classname="demoProject.GetTitle" name="SubmitForm" time="8.374"/>
  <system-out/>
  <testcase classname="demoProject.GetTitle" name="OpenBookStoreApplication" time="2.985"/>
  <system-out/>
  <testcase classname="demoProject.GetTitle" name="PassedTestCase" time="0.004"/>
  <system-out/>
  <testcase classname="demoProject.GetTitle" name="FailedTestCase" time="0.001"/>
  <system-out/>
</testsuite> <!-- demoProject.GetTitle -->
